--- STEP 1: Validating input files. ---
Validating binary file.
CHECK
Validating summary file.
CHECK

--- STEP 2: Extracting scaffold IDs from the binary input file. ---
Extracted 12493 scaffold IDs

--- STEP 3: Contacting the NCBI servers and retreiving genome assembly IDs for each scaffold. This may take a while. ---
Fetching assembly IDs: |############                    | 4747/12493An error occurred in retreiving the assembly ID for ABCOLG010000001.1.
Fetching assembly IDs: |############                    | 4748/12493An error occurred in retreiving the assembly ID for ABCOXE010000001.1.
Fetching assembly IDs: |############                    | 4749/12493An error occurred in retreiving the assembly ID for ABCOXD010000001.1.
Fetching assembly IDs: |############                    | 4762/12493An error occurred in retreiving the assembly ID for ABCRUO010000001.1.
Fetching assembly IDs: |############                    | 4763/12493An error occurred in retreiving the assembly ID for ABCRUT010000005.1.
Fetching assembly IDs: |############                    | 4764/12493An error occurred in retreiving the assembly ID for ABCRUV010000002.1.
Fetching assembly IDs: |############                    | 4765/12493An error occurred in retreiving the assembly ID for ABCRUW010000008.1.
Fetching assembly IDs: |############                    | 4766/12493An error occurred in retreiving the assembly ID for ABCRVB010000001.1.
Fetching assembly IDs: |############                    | 4767/12493An error occurred in retreiving the assembly ID for ABCRUZ010000030.1.
Fetching assembly IDs: |#############                   | 5301/12493An error occurred in retreiving the assembly ID for ABGMXX010000001.1.
Fetching assembly IDs: |#############                   | 5302/12493An error occurred in retreiving the assembly ID for ABGNGF010000001.1.
Fetching assembly IDs: |###############                 | 6016/12493An error occurred in retreiving the assembly ID for DASCCY010000001.1.
Fetching assembly IDs: |###############                 | 6018/12493An error occurred in retreiving the assembly ID for DASBCH010000001.1.
Fetching assembly IDs: |###############                 | 6019/12493An error occurred in retreiving the assembly ID for DASDLT010000006.1.
Fetching assembly IDs: |###############                 | 6052/12493An error occurred in retreiving the assembly ID for DASCYO010000045.1.
Fetching assembly IDs: |###############                 | 6112/12493An error occurred in retreiving the assembly ID for DAAEKM010000001.1.
Fetching assembly IDs: |###############                 | 6113/12493An error occurred in retreiving the assembly ID for DAAEKC010000001.1.
Fetching assembly IDs: |###############                 | 6242/12493An error occurred in retreiving the assembly ID for DAAJEB010000001.1.
Fetching assembly IDs: |################                | 6275/12493An error occurred in retreiving the assembly ID for DAAJSL010000034.1.
Fetching assembly IDs: |################                | 6276/12493An error occurred in retreiving the assembly ID for DAAJSM010000003.1.
Fetching assembly IDs: |################                | 6277/12493An error occurred in retreiving the assembly ID for DAAJSP010000043.1.
Fetching assembly IDs: |################                | 6278/12493An error occurred in retreiving the assembly ID for DAAJSR010000088.1.
Fetching assembly IDs: |################                | 6279/12493An error occurred in retreiving the assembly ID for DAAJSW010000055.1.
Fetching assembly IDs: |################                | 6280/12493An error occurred in retreiving the assembly ID for DAAJTA010000066.1.
Fetching assembly IDs: |################                | 6281/12493An error occurred in retreiving the assembly ID for DAAJTB010000013.1.
Fetching assembly IDs: |################                | 6282/12493An error occurred in retreiving the assembly ID for DAAJTC010000077.1.
Fetching assembly IDs: |################                | 6283/12493An error occurred in retreiving the assembly ID for DAAJTF010000045.1.
Fetching assembly IDs: |################                | 6284/12493An error occurred in retreiving the assembly ID for DAAJUJ010000016.1.
Fetching assembly IDs: |################                | 6285/12493An error occurred in retreiving the assembly ID for DAAJUM010000001.1.
Fetching assembly IDs: |################                | 6286/12493An error occurred in retreiving the assembly ID for DAAJUP010000015.1.
Fetching assembly IDs: |################                | 6423/12493An error occurred in retreiving the assembly ID for DAAKRL010000027.1.
Fetching assembly IDs: |#################               | 6803/124  prefix-
Fetching assembly IDs: |####################            | 7844/12493An error occurred in retreiving the assembly ID for ABBKPR010000001.1.
Fetching assembly IDs: |####################            | 7846/12493An error occurred in retreiving the assembly ID for ABBMFV010000001.1.
Fetching assembly IDs: |####################            | 7854/12493An error occurred in retreiving the assembly ID for ABBPHG010000001.1.
Fetching assembly IDs: |####################            | 7861/12493An error occurred in retreiving the assembly ID for ABBTLG010000007.1.
Fetching assembly IDs: |#####################           | 8531/12493An error occurred in retreiving the assembly ID for ABLTYG010000001.1.
Fetching assembly IDs: |#########################       | 9780/12493An error occurred in retreiving the assembly ID for MJSU01000016.1.
Fetching assembly IDs: |#############################   | 11681/12493An error occurred in retreiving the assembly ID for KJ394488.1.
Fetching assembly IDs: |#############################   | 11682/12493An error occurred in retreiving the assembly ID for KJ394490.1.
Fetching assembly IDs: |##############################  | 11953/12493An error occurred in retreiving the assembly ID for NZ_JAPJXG010000003.1.
Fetching assembly IDs: |##############################  | 11965/12493
Obtained 11925 unique assembly IDs. 528 were duplicates
Time elapsed: 72240.65 s

--- STEP 4: Downloading and dereplicating genomes. ---
The helper bash script has been initiated!
Preparing to download and dereplicate genomes...
Got 11946 assembly IDs. Downloading genomes in 61 batches...
New version of client (16.37.0) available at https://ftp.ncbi.nlm.nih.gov/pub/datasets/command-line/LATEST/linux-amd64/datasets.
Collecting 300 genome records [================================================] 100% 300/300
Downloading: ncbi_dataset.zip    153kB valid data package
Validating package files [================================================] 100% 5/5
Archive:  ncbi_dataset.zip
  inflating: ../../data/genomes/README.md
  inflating: ../../data/genomes/ncbi_dataset/data/assembly_data_report.jsonl
  inflating: ../../data/genomes/ncbi_dataset/fetch.txt
  inflating: ../../data/genomes/ncbi_dataset/data/dataset_catalog.json
  inflating: ../../data/genomes/md5sum.txt
Found 300 of 300 files for rehydration
Completed 300 of 300 [================================================] 100%

... A lot of lines of genome downloading

Downloading finished!
11945 genomes in /data/genomes/all.
Directory size: 34G ../../data/genomes/all.
Dereplicating genomes with percent identity cutoff of 99.0.
Running version 1.2.8
Appending command issued for future records to: /home/mimitair/projects/ibp/data/skder_out/Command_Issued.txt
Logging more details at: /home/mimitair/projects/ibp/data/skder_out/Progress.log
0.00user 0.00system 0:00.00elapsed 33%CPU (0avgtext+0avgdata 2960maxresident)k
872inputs+0outputs (7major+138minor)pagefaults 0swaps
Traceback (most recent call last):
  File "/home/mimitair/miniforge3/envs/cagecleaner/lib/python3.12/site-packages/skDER/util.py", line 75, in runCmd
    assert (os.path.isfile(cf))
            ^^^^^^^^^^^^^^^^^^
AssertionError

During handling of the above exception, another exception occurred:

Traceback (most recent call last):
  File "/home/mimitair/miniforge3/envs/cagecleaner/bin/skder", line 717, in <module>
    skder_main()
  File "/home/mimitair/miniforge3/envs/cagecleaner/bin/skder", line 434, in skder_main
    util.runCmd(skani_triangle_cmd, logObject, check_files=[skani_result_file])
  File "/home/mimitair/miniforge3/envs/cagecleaner/lib/python3.12/site-packages/skDER/util.py", line 84, in runCmd
    raise RuntimeError('Had an issue running: %s' % ' '.join(cmd))
RuntimeError: Had an issue running: skani triangle -l /home/mimitair/projects/ibp/data/skder_out/All_Genomes_Listing.txt --min-af 90.0 -E -s 90.0 -t 1 -o /home/mimitair/projects/ibp/data/skder_out/Skani_Triangle_Edge_Output.txt
ls: cannot access '../../data/skder_out/Dereplicated_Representative_Genomes': No such file or directory
Dereplication done! 11945 genomes were converted into 0 genomes.
ls: cannot access '../../data/skder_out/Dereplicated_Representative_Genomes': No such file or directory
Time elapsed: 3844.38 s

--- STEP 5: Extracting cleaned scaffold IDs ---
Got 0 cleaned scaffold IDs

--- STEP 6: Generating output files. ---
All done! Results are written to /data/output
